<?xml version="1.0" encoding="utf-8" standalone="no"?>
<test-run id="2" testcasecount="4" result="Passed" total="4" passed="4" failed="0" inconclusive="0" skipped="0" asserts="4" engine-version="3.8.0.0" clr-version="4.0.30319.42000" start-time="2018-05-21 07:20:25Z" end-time="2018-05-21 07:20:27Z" duration="1.549587">
  <command-line><![CDATA[NUNIT3-CONSOLE  C:\Users\Filip\source\repos\Ch-062\WebApp\OnlineExam.dll --result=C:\Users\Filip\source\repos\Ch-062\WebApp\Result.xml]]></command-line>
  <test-suite type="Assembly" id="0-1006" name="OnlineExam.dll" fullname="C:\Users\Filip\source\repos\Ch-062\WebApp\OnlineExam.dll" runstate="Runnable" testcasecount="4" result="Passed" start-time="2018-05-21 07:20:26Z" end-time="2018-05-21 07:20:27Z" duration="0.143865" total="4" passed="4" failed="0" warnings="0" inconclusive="0" skipped="0" asserts="4">
    <environment framework-version="3.10.1.0" clr-version="4.0.30319.42000" os-version="Microsoft Windows NT 10.0.17134.0" platform="Win32NT" cwd="C:\Users\Filip\source\repos\Ch-062\WebApp\NUnit.Console-3.8.0" machine-name="RUSLAN-PC772" user="Filip" user-domain="RUSLAN-PC772" culture="en-US" uiculture="en-GB" os-architecture="x64" />
    <settings>
      <setting name="DisposeRunners" value="True" />
      <setting name="WorkDirectory" value="C:\Users\Filip\source\repos\Ch-062\WebApp\NUnit.Console-3.8.0" />
      <setting name="ImageRuntimeVersion" value="4.0.30319" />
      <setting name="ImageRequiresX86" value="False" />
      <setting name="ImageRequiresDefaultAppDomainAssemblyResolver" value="False" />
      <setting name="NumberOfTestWorkers" value="4" />
    </settings>
    <properties>
      <property name="_PID" value="11384" />
      <property name="_APPDOMAIN" value="domain-" />
    </properties>
    <test-suite type="TestFixture" id="0-1000" name="ElevatorModelUnitTest" fullname="ElevatorModelUnitTest" classname="ElevatorModelUnitTest" runstate="Runnable" testcasecount="4" result="Passed" start-time="2018-05-21 07:20:27Z" end-time="2018-05-21 07:20:27Z" duration="0.081391" total="4" passed="4" failed="0" warnings="0" inconclusive="0" skipped="0" asserts="4">
      <test-suite type="ParameterizedMethod" id="0-1005" name="ElevatorTest" fullname="ElevatorModelUnitTest.ElevatorTest" classname="ElevatorModelUnitTest" runstate="Runnable" testcasecount="4" result="Passed" start-time="2018-05-21 07:20:27Z" end-time="2018-05-21 07:20:27Z" duration="0.071169" total="4" passed="4" failed="0" warnings="0" inconclusive="0" skipped="0" asserts="4">
        <test-case id="0-1001" name="ElevatorTest(Person,ElevatorSelector,Elevator)" fullname="ElevatorModelUnitTest.ElevatorTest(Person,ElevatorSelector,Elevator)" methodname="ElevatorTest" classname="ElevatorModelUnitTest" runstate="Runnable" seed="1078853566" result="Passed" start-time="2018-05-21 07:20:27Z" end-time="2018-05-21 07:20:27Z" duration="0.046655" asserts="1" />
        <test-case id="0-1002" name="ElevatorTest(Person,ElevatorSelector,Elevator)" fullname="ElevatorModelUnitTest.ElevatorTest(Person,ElevatorSelector,Elevator)" methodname="ElevatorTest" classname="ElevatorModelUnitTest" runstate="Runnable" seed="1613826455" result="Passed" start-time="2018-05-21 07:20:27Z" end-time="2018-05-21 07:20:27Z" duration="0.005572" asserts="1" />
        <test-case id="0-1003" name="ElevatorTest(Person,ElevatorSelector,Elevator)" fullname="ElevatorModelUnitTest.ElevatorTest(Person,ElevatorSelector,Elevator)" methodname="ElevatorTest" classname="ElevatorModelUnitTest" runstate="Runnable" seed="758118684" result="Passed" start-time="2018-05-21 07:20:27Z" end-time="2018-05-21 07:20:27Z" duration="0.000637" asserts="1" />
        <test-case id="0-1004" name="ElevatorTest(Person,ElevatorSelector,Elevator)" fullname="ElevatorModelUnitTest.ElevatorTest(Person,ElevatorSelector,Elevator)" methodname="ElevatorTest" classname="ElevatorModelUnitTest" runstate="Runnable" seed="735605171" result="Passed" start-time="2018-05-21 07:20:27Z" end-time="2018-05-21 07:20:27Z" duration="0.000230" asserts="1" />
      </test-suite>
    </test-suite>
  </test-suite>
</test-run>